\BOOKMARK [0][-]{chapter.1}{Introduction}{}% 1
\BOOKMARK [0][-]{chapter.2}{Literature review}{}% 2
\BOOKMARK [1][-]{section.2.1}{Fused Filament Fabrication}{chapter.2}% 3
\BOOKMARK [2][-]{subsection.2.1.1}{History}{section.2.1}% 4
\BOOKMARK [2][-]{subsection.2.1.2}{Process \046 hardware}{section.2.1}% 5
\BOOKMARK [2][-]{subsection.2.1.3}{Process parameters}{section.2.1}% 6
\BOOKMARK [1][-]{section.2.2}{Materials}{chapter.2}% 7
\BOOKMARK [2][-]{subsection.2.2.1}{Materials for FFF}{section.2.2}% 8
\BOOKMARK [2][-]{subsection.2.2.2}{ABS properties}{section.2.2}% 9
\BOOKMARK [2][-]{subsection.2.2.3}{Elasticity}{section.2.2}% 10
\BOOKMARK [2][-]{subsection.2.2.4}{Plasticity, damage and failure}{section.2.2}% 11
\BOOKMARK [2][-]{subsection.2.2.5}{Application of ABS for FFF}{section.2.2}% 12
\BOOKMARK [2][-]{subsection.2.2.6}{Standard parameters for ABS}{section.2.2}% 13
\BOOKMARK [2][-]{subsection.2.2.7}{Standardization}{section.2.2}% 14
\BOOKMARK [1][-]{section.2.3}{FFF properties}{chapter.2}% 15
\BOOKMARK [2][-]{subsection.2.3.1}{Experimental mechanical characterization}{section.2.3}% 16
\BOOKMARK [2][-]{subsection.2.3.2}{Mesostructure}{section.2.3}% 17
\BOOKMARK [1][-]{section.2.4}{Composite theory}{chapter.2}% 18
\BOOKMARK [2][-]{subsection.2.4.1}{Elastic modelling}{section.2.4}% 19
\BOOKMARK [1][-]{section.2.5}{Summary}{chapter.2}% 20
\BOOKMARK [0][-]{chapter.3}{RVE Definition}{}% 21
\BOOKMARK [1][-]{section.3.1}{Introduction}{chapter.3}% 22
\BOOKMARK [1][-]{section.3.2}{Methods and procedures}{chapter.3}% 23
\BOOKMARK [2][-]{subsection.3.2.1}{Cross sectional Analysis}{section.3.2}% 24
\BOOKMARK [2][-]{subsection.3.2.2}{Production strategy}{section.3.2}% 25
\BOOKMARK [1][-]{section.3.3}{Microscopy}{chapter.3}% 26
\BOOKMARK [1][-]{section.3.4}{Results}{chapter.3}% 27
\BOOKMARK [2][-]{subsection.3.4.1}{Optical micrographs mesostructure regular analysis}{section.3.4}% 28
\BOOKMARK [2][-]{subsection.3.4.2}{Optical micrographs mesostructure colored analysis}{section.3.4}% 29
\BOOKMARK [2][-]{subsection.3.4.3}{Digital micrographs mesostructure colored analysis}{section.3.4}% 30
\BOOKMARK [1][-]{section.3.5}{Discussion}{chapter.3}% 31
\BOOKMARK [2][-]{subsection.3.5.1}{Conclusion}{section.3.5}% 32
